Using pre-set license
Built from '2021.3/staging' branch; Version is '2021.3.25f1 (68ef2c4f8861) revision 6876972'; Using compiler version '192829333'; Build Type 'Release'
OS: 'Windows 10  (10.0.19044) 64bit Professional' Language: 'pt' Physical Memory: 16321 MB
BatchMode: 1, IsHumanControllingUs: 0, StartBugReporterOnCrash: 0, Is64bit: 1, IsPro: 1

COMMAND LINE ARGUMENTS:
D:\unity\Unity Editor\2021.3.25f1\Editor\Unity.exe
-adb2
-batchMode
-noUpm
-name
AssetImportWorker0
-projectPath
D:/projetos unity/projeto stickman
-logFile
Logs/AssetImportWorker0.log
-srvPort
54293
Successfully changed project path to: D:/projetos unity/projeto stickman
D:/projetos unity/projeto stickman
[UnityMemory] Configuration Parameters - Can be set up in boot.config
    "memorysetup-bucket-allocator-granularity=16"
    "memorysetup-bucket-allocator-bucket-count=8"
    "memorysetup-bucket-allocator-block-size=33554432"
    "memorysetup-bucket-allocator-block-count=8"
    "memorysetup-main-allocator-block-size=16777216"
    "memorysetup-thread-allocator-block-size=16777216"
    "memorysetup-gfx-main-allocator-block-size=16777216"
    "memorysetup-gfx-thread-allocator-block-size=16777216"
    "memorysetup-cache-allocator-block-size=4194304"
    "memorysetup-typetree-allocator-block-size=2097152"
    "memorysetup-profiler-bucket-allocator-granularity=16"
    "memorysetup-profiler-bucket-allocator-bucket-count=8"
    "memorysetup-profiler-bucket-allocator-block-size=33554432"
    "memorysetup-profiler-bucket-allocator-block-count=8"
    "memorysetup-profiler-allocator-block-size=16777216"
    "memorysetup-profiler-editor-allocator-block-size=1048576"
    "memorysetup-temp-allocator-size-main=16777216"
    "memorysetup-job-temp-allocator-block-size=2097152"
    "memorysetup-job-temp-allocator-block-size-background=1048576"
    "memorysetup-job-temp-allocator-reduction-small-platforms=262144"
    "memorysetup-temp-allocator-size-background-worker=32768"
    "memorysetup-temp-allocator-size-job-worker=262144"
    "memorysetup-temp-allocator-size-preload-manager=33554432"
    "memorysetup-temp-allocator-size-nav-mesh-worker=65536"
    "memorysetup-temp-allocator-size-audio-worker=65536"
    "memorysetup-temp-allocator-size-cloud-worker=32768"
    "memorysetup-temp-allocator-size-gi-baking-worker=262144"
    "memorysetup-temp-allocator-size-gfx=262144"
Player connection [10356] Host "[IP] 192.168.100.3 [Port] 0 [Flags] 2 [Guid] 2705828831 [EditorId] 2705828831 [Version] 1048832 [Id] WindowsEditor(7,DESKTOP-A54510Q) [Debug] 1 [PackageName] WindowsEditor [ProjectName] Editor" joined multi-casting on [225.0.0.222:54997]...

Player connection [10356] Host "[IP] 192.168.100.3 [Port] 0 [Flags] 2 [Guid] 2705828831 [EditorId] 2705828831 [Version] 1048832 [Id] WindowsEditor(7,DESKTOP-A54510Q) [Debug] 1 [PackageName] WindowsEditor [ProjectName] Editor" joined alternative multi-casting on [225.0.0.222:34997]...

Refreshing native plugins compatible for Editor in 82.02 ms, found 3 plugins.
Preloading 0 native plugins for Editor in 0.00 ms.
Initialize engine version: 2021.3.25f1 (68ef2c4f8861)
[Subsystems] Discovering subsystems at path D:/unity/Unity Editor/2021.3.25f1/Editor/Data/Resources/UnitySubsystems
[Subsystems] Discovering subsystems at path D:/projetos unity/projeto stickman/Assets
GfxDevice: creating device client; threaded=0; jobified=0
Direct3D:
    Version:  Direct3D 11.0 [level 11.1]
    Renderer: NVIDIA GeForce GTX 970 (ID=0x13c2)
    Vendor:   NVIDIA
    VRAM:     4043 MB
    Driver:   30.0.14.9649
Initialize mono
Mono path[0] = 'D:/unity/Unity Editor/2021.3.25f1/Editor/Data/Managed'
Mono path[1] = 'D:/unity/Unity Editor/2021.3.25f1/Editor/Data/MonoBleedingEdge/lib/mono/unityjit-win32'
Mono config path = 'D:/unity/Unity Editor/2021.3.25f1/Editor/Data/MonoBleedingEdge/etc'
Using monoOptions --debugger-agent=transport=dt_socket,embedding=1,server=y,suspend=n,address=127.0.0.1:56920
Begin MonoManager ReloadAssembly
Registering precompiled unity dll's ...
Register platform support module: D:/unity/Unity Editor/2021.3.25f1/Editor/Data/PlaybackEngines/WebGLSupport/UnityEditor.WebGL.Extensions.dll
Register platform support module: D:/unity/Unity Editor/2021.3.25f1/Editor/Data/PlaybackEngines/WindowsStandaloneSupport/UnityEditor.WindowsStandalone.Extensions.dll
Registered in 0.010207 seconds.
Native extension for WindowsStandalone target not found
Native extension for WebGL target not found
Refreshing native plugins compatible for Editor in 73.47 ms, found 3 plugins.
Preloading 0 native plugins for Editor in 0.00 ms.
Mono: successfully reloaded assembly
- Completed reload, in  0.857 seconds
Domain Reload Profiling:
	ReloadAssembly (858ms)
		BeginReloadAssembly (135ms)
			ExecutionOrderSort (0ms)
			DisableScriptedObjects (0ms)
			BackupInstance (0ms)
			ReleaseScriptingObjects (0ms)
			CreateAndSetChildDomain (1ms)
		EndReloadAssembly (599ms)
			LoadAssemblies (134ms)
			RebuildTransferFunctionScriptingTraits (0ms)
			SetupTypeCache (155ms)
			ReleaseScriptCaches (0ms)
			RebuildScriptCaches (37ms)
			SetupLoadedEditorAssemblies (344ms)
				LogAssemblyErrors (0ms)
				InitializePlatformSupportModulesInManaged (12ms)
				SetLoadedEditorAssemblies (1ms)
				RefreshPlugins (74ms)
				BeforeProcessingInitializeOnLoad (2ms)
				ProcessInitializeOnLoadAttributes (189ms)
				ProcessInitializeOnLoadMethodAttributes (67ms)
				AfterProcessingInitializeOnLoad (0ms)
				EditorAssembliesLoaded (0ms)
			ExecutionOrderSort2 (0ms)
			AwakeInstancesAfterBackupRestoration (0ms)
Platform modules already initialized, skipping
Registering precompiled user dll's ...
Registered in 0.011797 seconds.
Begin MonoManager ReloadAssembly
Symbol file LoadedFromMemory doesn't match image D:\projetos unity\projeto stickman\Library\PackageCache\com.unity.visualscripting@1.8.0\Editor\VisualScripting.Core\Dependencies\YamlDotNet\Unity.VisualScripting.YamlDotNet.dll
Symbol file LoadedFromMemory doesn't match image D:\projetos unity\projeto stickman\Library\PackageCache\com.unity.visualscripting@1.8.0\Editor\VisualScripting.Core\Dependencies\DotNetZip\Unity.VisualScripting.IonicZip.dll
Native extension for WindowsStandalone target not found
Native extension for WebGL target not found
Refreshing native plugins compatible for Editor in 0.61 ms, found 3 plugins.
Preloading 0 native plugins for Editor in 0.00 ms.
Mono: successfully reloaded assembly
- Completed reload, in  1.230 seconds
Domain Reload Profiling:
	ReloadAssembly (1231ms)
		BeginReloadAssembly (181ms)
			ExecutionOrderSort (0ms)
			DisableScriptedObjects (9ms)
			BackupInstance (0ms)
			ReleaseScriptingObjects (0ms)
			CreateAndSetChildDomain (31ms)
		EndReloadAssembly (919ms)
			LoadAssemblies (132ms)
			RebuildTransferFunctionScriptingTraits (0ms)
			SetupTypeCache (293ms)
			ReleaseScriptCaches (1ms)
			RebuildScriptCaches (73ms)
			SetupLoadedEditorAssemblies (404ms)
				LogAssemblyErrors (0ms)
				InitializePlatformSupportModulesInManaged (6ms)
				SetLoadedEditorAssemblies (1ms)
				RefreshPlugins (1ms)
				BeforeProcessingInitializeOnLoad (85ms)
				ProcessInitializeOnLoadAttributes (280ms)
				ProcessInitializeOnLoadMethodAttributes (26ms)
				AfterProcessingInitializeOnLoad (5ms)
				EditorAssembliesLoaded (0ms)
			ExecutionOrderSort2 (0ms)
			AwakeInstancesAfterBackupRestoration (17ms)
Platform modules already initialized, skipping
========================================================================
Worker process is ready to serve import requests
Launched and connected shader compiler UnityShaderCompiler.exe after 0.07 seconds
Refreshing native plugins compatible for Editor in 0.61 ms, found 3 plugins.
Preloading 0 native plugins for Editor in 0.00 ms.
Unloading 2917 Unused Serialized files (Serialized files now loaded: 0)
Unloading 21 unused Assets / (56.0 KB). Loaded Objects now: 3378.
Memory consumption went from 102.9 MB to 102.9 MB.
Total: 3.338200 ms (FindLiveObjects: 0.302500 ms CreateObjectMapping: 0.268500 ms MarkObjects: 2.692500 ms  DeleteObjects: 0.073900 ms)

AssetImportParameters requested are different than current active one (requested -> active):
  custom:video-decoder-ogg-theora: a1e56fd34408186e4bbccfd4996cb3dc -> 
  custom:container-muxer-webm: aa71ff27fc2769a1b78a27578f13a17b -> 
  custom:container-demuxer-webm: 4f35f7cbe854078d1ac9338744f61a02 -> 
  custom:video-encoder-webm-vp8: eb34c28f22e8b96e1ab97ce403110664 -> 
  custom:audio-encoder-webm-vorbis: bf7c407c2cedff20999df2af8eb42d56 -> 
  custom:framework-win-MediaFoundation: 216162199b28c13a410421893ffa2e32 -> 
  custom:container-demuxer-ogg: 62fdf1f143b41e24485cea50d1cbac27 -> 
  custom:video-decoder-webm-vp8: 9c59270c3fd7afecdb556c50c9e8de78 -> 
  custom:audio-decoder-ogg-vorbis: bf7c407c2cedff20999df2af8eb42d56 -> 
========================================================================
Received Import Request.
  Time since last request: 24951.855607 seconds.
  path: Assets/heroi-animações/heroi-andar/Armature_andar_00.png
  artifactKey: Guid(f79530d150435bd49837917fd8bbe8a3) Importer(815301076,1909f56bfc062723c751e8b465ee728b)
Start importing Assets/heroi-animações/heroi-andar/Armature_andar_00.png using Guid(f79530d150435bd49837917fd8bbe8a3) Importer(815301076,1909f56bfc062723c751e8b465ee728b)  -> (artifact id: 'cd913a2539f7356a469e160d245c7430') in 0.145837 seconds 
========================================================================
Received Import Request.
  Time since last request: 1.900750 seconds.
  path: Assets/heroi-animações/heroi-andar/Armature_andar_02.png
  artifactKey: Guid(ae00a2d693794804b9593838e5619d83) Importer(815301076,1909f56bfc062723c751e8b465ee728b)
Start importing Assets/heroi-animações/heroi-andar/Armature_andar_02.png using Guid(ae00a2d693794804b9593838e5619d83) Importer(815301076,1909f56bfc062723c751e8b465ee728b)  -> (artifact id: '6f06ee23fea66166fb66211b59272cdb') in 0.021758 seconds 
========================================================================
Received Import Request.
  Time since last request: 10.640579 seconds.
  path: Assets/heroi-animações/heroi-andar/Armature_andar_03.png
  artifactKey: Guid(58a444b7536f9f34e95a01c0b5bfe5df) Importer(815301076,1909f56bfc062723c751e8b465ee728b)
Start importing Assets/heroi-animações/heroi-andar/Armature_andar_03.png using Guid(58a444b7536f9f34e95a01c0b5bfe5df) Importer(815301076,1909f56bfc062723c751e8b465ee728b)  -> (artifact id: 'd8bec79f51aab29760fc75c6c1ee6e47') in 0.020937 seconds 
========================================================================
Received Import Request.
  Time since last request: 2.118479 seconds.
  path: Assets/heroi-animações/heroi-andar/Armature_andar_04.png
  artifactKey: Guid(7a606496501d78c4e9d822f4a2c3312c) Importer(815301076,1909f56bfc062723c751e8b465ee728b)
Start importing Assets/heroi-animações/heroi-andar/Armature_andar_04.png using Guid(7a606496501d78c4e9d822f4a2c3312c) Importer(815301076,1909f56bfc062723c751e8b465ee728b)  -> (artifact id: '4718c7f160eb75c7d30dfc376d2aee8c') in 0.016586 seconds 
========================================================================
Received Import Request.
  Time since last request: 1.805033 seconds.
  path: Assets/heroi-animações/heroi-andar/Armature_andar_05.png
  artifactKey: Guid(de948a9ed44c26f439a75b09d38c4ae1) Importer(815301076,1909f56bfc062723c751e8b465ee728b)
Start importing Assets/heroi-animações/heroi-andar/Armature_andar_05.png using Guid(de948a9ed44c26f439a75b09d38c4ae1) Importer(815301076,1909f56bfc062723c751e8b465ee728b)  -> (artifact id: '786664eaaae8f8e2444c69723d13aeb2') in 0.014039 seconds 
========================================================================
Received Import Request.
  Time since last request: 1.664052 seconds.
  path: Assets/heroi-animações/heroi-andar/Armature_andar_06.png
  artifactKey: Guid(138494eeba9d41c45aabec26bdaa5b5c) Importer(815301076,1909f56bfc062723c751e8b465ee728b)
Start importing Assets/heroi-animações/heroi-andar/Armature_andar_06.png using Guid(138494eeba9d41c45aabec26bdaa5b5c) Importer(815301076,1909f56bfc062723c751e8b465ee728b)  -> (artifact id: '37104ab060941c266f4e79cce07c1a0f') in 0.016652 seconds 
========================================================================
Received Import Request.
  Time since last request: 1.737762 seconds.
  path: Assets/heroi-animações/heroi-andar/Armature_andar_07.png
  artifactKey: Guid(4185a1a6307bd8d4ca8749b7881fe3c7) Importer(815301076,1909f56bfc062723c751e8b465ee728b)
Start importing Assets/heroi-animações/heroi-andar/Armature_andar_07.png using Guid(4185a1a6307bd8d4ca8749b7881fe3c7) Importer(815301076,1909f56bfc062723c751e8b465ee728b)  -> (artifact id: '6e24be290666f5f69de063e9b12a25f7') in 0.016816 seconds 
========================================================================
Received Import Request.
  Time since last request: 1.984315 seconds.
  path: Assets/heroi-animações/heroi-andar/Armature_andar_08.png
  artifactKey: Guid(f0fabc182dbde80419d459126644e89a) Importer(815301076,1909f56bfc062723c751e8b465ee728b)
Start importing Assets/heroi-animações/heroi-andar/Armature_andar_08.png using Guid(f0fabc182dbde80419d459126644e89a) Importer(815301076,1909f56bfc062723c751e8b465ee728b)  -> (artifact id: 'f34ecb76ea5966b1cba95762e3816ff5') in 0.020245 seconds 
========================================================================
Received Import Request.
  Time since last request: 2.011434 seconds.
  path: Assets/heroi-animações/heroi-andar/Armature_andar_09.png
  artifactKey: Guid(9da635ceb8cd99346927fa7a27c8f5f4) Importer(815301076,1909f56bfc062723c751e8b465ee728b)
Start importing Assets/heroi-animações/heroi-andar/Armature_andar_09.png using Guid(9da635ceb8cd99346927fa7a27c8f5f4) Importer(815301076,1909f56bfc062723c751e8b465ee728b)  -> (artifact id: 'f6003a2c8765e2ee6649100feff67c22') in 0.019386 seconds 
========================================================================
Received Import Request.
  Time since last request: 3.823876 seconds.
  path: Assets/heroi-animações/heroi-andar/Armature_andar_10.png
  artifactKey: Guid(b8a3b3fc8f236a44e83e3d56e0ef3d99) Importer(815301076,1909f56bfc062723c751e8b465ee728b)
Start importing Assets/heroi-animações/heroi-andar/Armature_andar_10.png using Guid(b8a3b3fc8f236a44e83e3d56e0ef3d99) Importer(815301076,1909f56bfc062723c751e8b465ee728b)  -> (artifact id: '97997df8c167c2aa66e6ef0a2fcded5f') in 0.015061 seconds 
========================================================================
Received Import Request.
  Time since last request: 1.690734 seconds.
  path: Assets/heroi-animações/heroi-andar/Armature_andar_11.png
  artifactKey: Guid(6a4fa2943663f75408320489053d3a19) Importer(815301076,1909f56bfc062723c751e8b465ee728b)
Start importing Assets/heroi-animações/heroi-andar/Armature_andar_11.png using Guid(6a4fa2943663f75408320489053d3a19) Importer(815301076,1909f56bfc062723c751e8b465ee728b)  -> (artifact id: 'bc475345bd6e517a812af5450e7eeb71') in 0.018072 seconds 
========================================================================
Received Import Request.
  Time since last request: 3.502547 seconds.
  path: Assets/heroi-animações/heroi-andar/Armature_andar_12.png
  artifactKey: Guid(855e9998a0f3eb743bfa16f7ce03eae4) Importer(815301076,1909f56bfc062723c751e8b465ee728b)
Start importing Assets/heroi-animações/heroi-andar/Armature_andar_12.png using Guid(855e9998a0f3eb743bfa16f7ce03eae4) Importer(815301076,1909f56bfc062723c751e8b465ee728b)  -> (artifact id: '685dfeacb737acdd84c97145ff8e320f') in 0.017507 seconds 
